[INFO] 2025-06-23 15:18:50,717 po_grn_views 10524 10368 Processing PO-GRN file: PO-GRN Docs Report.xlsx
[INFO] 2025-06-23 15:18:50,718 po_grn_extractor 10524 10368 Reading Excel file: PO-GRN Docs Report.xlsx
[INFO] 2025-06-23 15:18:51,196 po_grn_extractor 10524 10368 Found 1250 data rows
[INFO] 2025-06-23 15:18:51,352 po_grn_extractor 10524 10368 Column mapping: {'S.No.': 's_no', 'Location': 'location', 'PO No.': 'po_number', 'PO_Creation_Date': 'po_creation_date', 'No_Item_in_PO': 'no_item_in_po', 'PO_Amount': 'po_amount', 'PO_Status': 'po_status', 'Supplier_Name': 'supplier_name', 'Concerned Person': 'concerned_person', 'GRN_No': 'grn_number', 'GRN_Creation_Date': 'grn_creation_date', 'No_Item_in_GRN': 'no_item_in_grn', 'Received Status': 'received_status', 'GRN_Subtotal': 'grn_subtotal', 'GRN_Tax': 'grn_tax', 'GRN_Amount': 'grn_amount'}
[INFO] 2025-06-23 15:18:51,760 po_grn_extractor 10524 10368 Successfully created 1250 records
[INFO] 2025-06-23 16:49:44,012 po_grn_views 18552 13620 Processing PO-GRN file: PO-GRN Docs Report.xlsx
[INFO] 2025-06-23 16:49:44,012 po_grn_extractor 18552 13620 Reading Excel file: PO-GRN Docs Report.xlsx
[INFO] 2025-06-23 16:49:44,504 po_grn_extractor 18552 13620 Found 1250 data rows
[INFO] 2025-06-23 16:49:44,568 po_grn_extractor 18552 13620 Column mapping: {'S.No.': 's_no', 'Location': 'location', 'PO No.': 'po_number', 'PO_Creation_Date': 'po_creation_date', 'No_Item_in_PO': 'no_item_in_po', 'PO_Amount': 'po_amount', 'PO_Status': 'po_status', 'Supplier_Name': 'supplier_name', 'Concerned Person': 'concerned_person', 'GRN_No': 'grn_number', 'GRN_Creation_Date': 'grn_creation_date', 'No_Item_in_GRN': 'no_item_in_grn', 'Received Status': 'received_status', 'GRN_Subtotal': 'grn_subtotal', 'GRN_Tax': 'grn_tax', 'GRN_Amount': 'grn_amount'}
[INFO] 2025-06-23 16:49:44,966 po_grn_extractor 18552 13620 Successfully created 1250 records
[INFO] 2025-06-23 17:17:28,677 po_grn_views 30208 33864 Processing PO-GRN file: itemWiseGRN_Curefoods_India_Private_limited_01-06-2025-16-06-20251750079229464.csv
[INFO] 2025-06-23 17:17:28,678 po_grn_extractor 30208 33864 Reading CSV file: itemWiseGRN_Curefoods_India_Private_limited_01-06-2025-16-06-20251750079229464.csv
[INFO] 2025-06-23 17:17:28,848 po_grn_extractor 30208 33864 Found 8126 data rows
[WARNING] 2025-06-23 17:17:28,909 po_grn_extractor 30208 33864 Unknown column: Type
[WARNING] 2025-06-23 17:17:28,909 po_grn_extractor 30208 33864 Unknown column: Sku Code
[WARNING] 2025-06-23 17:17:28,910 po_grn_extractor 30208 33864 Unknown column: Category
[WARNING] 2025-06-23 17:17:28,910 po_grn_extractor 30208 33864 Unknown column: Sub Category
[WARNING] 2025-06-23 17:17:28,910 po_grn_extractor 30208 33864 Unknown column: Item Name
[WARNING] 2025-06-23 17:17:28,911 po_grn_extractor 30208 33864 Unknown column: Unit
[WARNING] 2025-06-23 17:17:28,911 po_grn_extractor 30208 33864 Unknown column: HSN No.
[WARNING] 2025-06-23 17:17:28,911 po_grn_extractor 30208 33864 Unknown column: Remarks
[WARNING] 2025-06-23 17:17:28,912 po_grn_extractor 30208 33864 Unknown column: Created By
[WARNING] 2025-06-23 17:17:28,912 po_grn_extractor 30208 33864 Unknown column: GRN Created At
[WARNING] 2025-06-23 17:17:28,912 po_grn_extractor 30208 33864 Unknown column: Seller Invoice No
[WARNING] 2025-06-23 17:17:28,913 po_grn_extractor 30208 33864 Unknown column: Supplier Invoice Date
[WARNING] 2025-06-23 17:17:28,913 po_grn_extractor 30208 33864 Unknown column: Pickup GSTIN
[WARNING] 2025-06-23 17:17:28,913 po_grn_extractor 30208 33864 Unknown column: Pickup Code
[WARNING] 2025-06-23 17:17:28,914 po_grn_extractor 30208 33864 Unknown column: Pickup City
[WARNING] 2025-06-23 17:17:28,915 po_grn_extractor 30208 33864 Unknown column: Pickup State
[WARNING] 2025-06-23 17:17:28,915 po_grn_extractor 30208 33864 Unknown column: Delivery GSTIN
[WARNING] 2025-06-23 17:17:28,915 po_grn_extractor 30208 33864 Unknown column: Delivery Code
[WARNING] 2025-06-23 17:17:28,916 po_grn_extractor 30208 33864 Unknown column: Delivery City
[WARNING] 2025-06-23 17:17:28,916 po_grn_extractor 30208 33864 Unknown column: Delivery State
[WARNING] 2025-06-23 17:17:28,916 po_grn_extractor 30208 33864 Unknown column: Price
[WARNING] 2025-06-23 17:17:28,916 po_grn_extractor 30208 33864 Unknown column: Received Qty
[WARNING] 2025-06-23 17:17:28,916 po_grn_extractor 30208 33864 Unknown column: Returned Qty
[WARNING] 2025-06-23 17:17:28,917 po_grn_extractor 30208 33864 Unknown column: Discount
[WARNING] 2025-06-23 17:17:28,917 po_grn_extractor 30208 33864 Unknown column: SGST Tax
[WARNING] 2025-06-23 17:17:28,917 po_grn_extractor 30208 33864 Unknown column: SGST Tax Amount
[WARNING] 2025-06-23 17:17:28,917 po_grn_extractor 30208 33864 Unknown column: CGST Tax
[WARNING] 2025-06-23 17:17:28,917 po_grn_extractor 30208 33864 Unknown column: CGST Tax Amount
[WARNING] 2025-06-23 17:17:28,918 po_grn_extractor 30208 33864 Unknown column: IGST Tax
[WARNING] 2025-06-23 17:17:28,918 po_grn_extractor 30208 33864 Unknown column: IGST Tax Amount
[WARNING] 2025-06-23 17:17:28,918 po_grn_extractor 30208 33864 Unknown column: cess
[WARNING] 2025-06-23 17:17:28,918 po_grn_extractor 30208 33864 Unknown column: VAT(%)
[WARNING] 2025-06-23 17:17:28,919 po_grn_extractor 30208 33864 Unknown column: VAT(Amount)
[WARNING] 2025-06-23 17:17:28,919 po_grn_extractor 30208 33864 Unknown column: Item TCS(%)
[WARNING] 2025-06-23 17:17:28,919 po_grn_extractor 30208 33864 Unknown column: Item TCS(Amount)
[WARNING] 2025-06-23 17:17:28,920 po_grn_extractor 30208 33864 Unknown column: Tax Amount
[WARNING] 2025-06-23 17:17:28,920 po_grn_extractor 30208 33864 Unknown column: Bill TCS
[WARNING] 2025-06-23 17:17:28,920 po_grn_extractor 30208 33864 Unknown column: Delivery Charges
[WARNING] 2025-06-23 17:17:28,921 po_grn_extractor 30208 33864 Unknown column: Delivery Charges Tax(%)
[WARNING] 2025-06-23 17:17:28,921 po_grn_extractor 30208 33864 Unknown column: Additional Charges
[WARNING] 2025-06-23 17:17:28,921 po_grn_extractor 30208 33864 Unknown column: INV Discount
[WARNING] 2025-06-23 17:17:28,921 po_grn_extractor 30208 33864 Unknown column: RoundOff
[WARNING] 2025-06-23 17:17:28,922 po_grn_extractor 30208 33864 Unknown column: Attachment Upload Date
[WARNING] 2025-06-23 17:17:28,922 po_grn_extractor 30208 33864 Unknown column: Attachment-1
[WARNING] 2025-06-23 17:17:28,922 po_grn_extractor 30208 33864 Unknown column: Attachment-2
[WARNING] 2025-06-23 17:17:28,922 po_grn_extractor 30208 33864 Unknown column: Attachment-3
[WARNING] 2025-06-23 17:17:28,924 po_grn_extractor 30208 33864 Unknown column: Attachment-4
[WARNING] 2025-06-23 17:17:28,924 po_grn_extractor 30208 33864 Unknown column: Attachment-5
[INFO] 2025-06-23 17:17:28,928 po_grn_extractor 30208 33864 Column mapping: {'S.No.': 's_no', 'Type': 'type', 'Sku Code': 'sku_code', 'Category': 'category', 'Sub Category': 'sub_category', 'Item Name': 'item_name', 'Unit': 'unit', 'GRN No.': 'grn_number', 'HSN No.': 'hsn_no.', 'PO No.': 'po_number', 'Remarks': 'remarks', 'Created By': 'created_by', 'GRN Created At': 'grn_created_at', 'Seller Invoice No': 'seller_invoice_no', 'Supplier Invoice Date': 'supplier_invoice_date', 'Supplier': 'supplier_name', 'Concerned Person': 'concerned_person', 'Pickup Location': 'location', 'Pickup GSTIN': 'pickup_gstin', 'Pickup Code': 'pickup_code', 'Pickup City': 'pickup_city', 'Pickup State': 'pickup_state', 'Delivery Location': 'location', 'Delivery GSTIN': 'delivery_gstin', 'Delivery Code': 'delivery_code', 'Delivery City': 'delivery_city', 'Delivery State': 'delivery_state', 'Price': 'price', 'Received Qty': 'received_qty', 'Returned Qty': 'returned_qty', 'Discount': 'discount', 'Tax': 'grn_tax', 'SGST Tax': 'sgst_tax', 'SGST Tax Amount': 'sgst_tax_amount', 'CGST Tax': 'cgst_tax', 'CGST Tax Amount': 'cgst_tax_amount', 'IGST Tax': 'igst_tax', 'IGST Tax Amount': 'igst_tax_amount', 'cess': 'cess', 'SubTotal': 'grn_subtotal', 'VAT(%)': 'vat(%)', 'VAT(Amount)': 'vat(amount)', 'Item TCS(%)': 'item_tcs(%)', 'Item TCS(Amount)': 'item_tcs(amount)', 'Tax Amount': 'tax_amount', 'Bill TCS': 'bill_tcs', 'Delivery Charges': 'delivery_charges', 'Delivery Charges Tax(%)': 'delivery_charges_tax(%)', 'Additional Charges': 'additional_charges', 'INV Discount': 'inv_discount', 'RoundOff': 'roundoff', 'Total': 'grn_subtotal', 'Attachment Upload Date': 'attachment_upload_date', 'Attachment-1': 'attachment-1', 'Attachment-2': 'attachment-2', 'Attachment-3': 'attachment-3', 'Attachment-4': 'attachment-4', 'Attachment-5': 'attachment-5'}
[INFO] 2025-06-23 17:18:13,285 po_grn_views 30208 33864 Processing PO-GRN file: Book1.xlsx
[INFO] 2025-06-23 17:18:13,285 po_grn_extractor 30208 33864 Reading Excel file: Book1.xlsx
[INFO] 2025-06-23 17:18:13,329 po_grn_extractor 30208 33864 Found 9 data rows
[INFO] 2025-06-23 17:18:13,384 po_grn_extractor 30208 33864 Column mapping: {'S.No.': 's_no', 'Location': 'location', 'PO No.': 'po_number', 'PO_Creation_Date': 'po_creation_date', 'No_Item_in_PO': 'no_item_in_po', 'PO_Amount': 'po_amount', 'PO_Status': 'po_status', 'Supplier_Name': 'supplier_name', 'Concerned Person': 'concerned_person', 'GRN_No': 'grn_number', 'GRN_Creation_Date': 'grn_creation_date', 'No_Item_in_GRN': 'no_item_in_grn', 'Received Status': 'received_status', 'GRN_Subtotal': 'grn_subtotal', 'GRN_Tax': 'grn_tax', 'GRN_Amount': 'grn_amount'}
[INFO] 2025-06-23 17:18:13,396 po_grn_extractor 30208 33864 Successfully created 9 records
[INFO] 2025-06-23 17:24:51,855 po_grn_views 18352 21776 Processing PO-GRN file: Book1.xlsx
[INFO] 2025-06-23 17:24:51,855 po_grn_extractor 18352 21776 Reading Excel file: Book1.xlsx
[INFO] 2025-06-23 17:24:51,949 po_grn_extractor 18352 21776 Found 9 data rows
[INFO] 2025-06-23 17:24:52,780 po_grn_extractor 18352 21776 Column mapping: {'S.No.': 's_no', 'Location': 'location', 'PO No.': 'po_number', 'PO_Creation_Date': 'po_creation_date', 'No_Item_in_PO': 'no_item_in_po', 'PO_Amount': 'po_amount', 'PO_Status': 'po_status', 'Supplier_Name': 'supplier_name', 'Concerned Person': 'concerned_person', 'GRN_No': 'grn_number', 'GRN_Creation_Date': 'grn_creation_date', 'No_Item_in_GRN': 'no_item_in_grn', 'Received Status': 'received_status', 'GRN_Subtotal': 'grn_subtotal', 'GRN_Tax': 'grn_tax', 'GRN_Amount': 'grn_amount'}
[INFO] 2025-06-23 17:24:52,804 po_grn_extractor 18352 21776 Successfully created 9 records
[INFO] 2025-06-23 17:26:41,778 po_grn_views 18352 19008 Processing PO-GRN file: PO-GRN Docs Report (2).xlsx
[INFO] 2025-06-23 17:26:41,781 po_grn_extractor 18352 19008 Reading Excel file: PO-GRN Docs Report (2).xlsx
[INFO] 2025-06-23 17:26:44,067 po_grn_extractor 18352 19008 Found 3825 data rows
[INFO] 2025-06-23 17:26:44,674 po_grn_extractor 18352 19008 Column mapping: {'S.No.': 's_no', 'Location': 'location', 'PO No.': 'po_number', 'PO_Creation_Date': 'po_creation_date', 'No_Item_in_PO': 'no_item_in_po', 'PO_Amount': 'po_amount', 'PO_Status': 'po_status', 'Supplier_Name': 'supplier_name', 'Concerned Person': 'concerned_person', 'GRN_No': 'grn_number', 'GRN_Creation_Date': 'grn_creation_date', 'No_Item_in_GRN': 'no_item_in_grn', 'Received Status': 'received_status', 'GRN_Subtotal': 'grn_subtotal', 'GRN_Tax': 'grn_tax', 'GRN_Amount': 'grn_amount'}
[ERROR] 2025-06-23 17:26:46,301 po_grn_extractor 18352 19008 Error processing dataframe: duplicate key value violates unique constraint "po_grn_po_number_grn_number_upload_batch_id_d66f757a_uniq"
DETAIL:  Key (po_number, grn_number, upload_batch_id)=(#PO-BYZER-17845, , BATCH_20250623_172644_adba2170) already exists.

[ERROR] 2025-06-23 17:26:46,309 po_grn_extractor 18352 19008 Error processing Excel file PO-GRN Docs Report (2).xlsx: duplicate key value violates unique constraint "po_grn_po_number_grn_number_upload_batch_id_d66f757a_uniq"
DETAIL:  Key (po_number, grn_number, upload_batch_id)=(#PO-BYZER-17845, , BATCH_20250623_172644_adba2170) already exists.

[ERROR] 2025-06-23 17:26:46,309 po_grn_views 18352 19008 Error processing PO-GRN file: Failed to process Excel file: duplicate key value violates unique constraint "po_grn_po_number_grn_number_upload_batch_id_d66f757a_uniq"
DETAIL:  Key (po_number, grn_number, upload_batch_id)=(#PO-BYZER-17845, , BATCH_20250623_172644_adba2170) already exists.

[INFO] 2025-06-23 17:42:22,385 po_grn_views 18352 37632 Processing PO-GRN file: PO-GRN Docs Report.xlsx
[INFO] 2025-06-23 17:42:22,385 po_grn_extractor 18352 37632 Reading Excel file: PO-GRN Docs Report.xlsx
[INFO] 2025-06-23 17:42:23,205 po_grn_extractor 18352 37632 Found 1250 data rows
[INFO] 2025-06-23 17:42:23,810 po_grn_extractor 18352 37632 Column mapping: {'S.No.': 's_no', 'Location': 'location', 'PO No.': 'po_number', 'PO_Creation_Date': 'po_creation_date', 'No_Item_in_PO': 'no_item_in_po', 'PO_Amount': 'po_amount', 'PO_Status': 'po_status', 'Supplier_Name': 'supplier_name', 'Concerned Person': 'concerned_person', 'GRN_No': 'grn_number', 'GRN_Creation_Date': 'grn_creation_date', 'No_Item_in_GRN': 'no_item_in_grn', 'Received Status': 'received_status', 'GRN_Subtotal': 'grn_subtotal', 'GRN_Tax': 'grn_tax', 'GRN_Amount': 'grn_amount'}
[INFO] 2025-06-23 17:42:24,557 po_grn_extractor 18352 37632 Successfully created 1250 records
